 Fermi distribution function
 
Calculation with static geometry
 

********************************************************************************
 iSCC Total electronic   Diff electronic      SCC error    
   30   -0.27930913E+03    0.15130581E-08    0.29655193E-05
********************************************************************************
 
 Total charge:    -4.00000000

 Atomic gross charges (e)
 Atom           Charge
    1       0.04016993
    2      -0.01439864
    3       0.05792933
    4       0.00970090
    5      -0.04835166
    6       0.04151953
    7       0.05628768
    8      -0.05126900
    9      -0.08456904
   10      -0.04525417
   11      -0.13622953
   12      -0.01573352
   13       0.03354332
   14      -0.00881511
   15      -0.02321450
   16      -0.08280676
   17       0.02427427
   18       0.01192692
   19       0.03207790
   20       0.03047046
   21       0.02012290
   22       0.02007523
   23      -0.03584407
   24      -0.10389966
   25      -0.04062418
   26      -0.05576116
   27      -0.03777758
   28      -0.07256255
   29       0.02354366
   30      -0.08895326
   31      -0.10045835
   32      -0.06652025
   33      -0.02448310
   34       0.02491035
   35      -0.11848508
   36      -0.02407163
   37       0.00464255
   38      -0.07710017
   39      -0.21247721
   40      -0.07541366
   41       0.04317250
   42       0.02774496
   43       0.03077674
   44       0.00418290
   45       0.03775654
   46      -0.06512255
   47      -0.13275847
   48      -0.08936711
   49      -0.06487913
   50       0.02492979
   51      -0.05671114
   52      -0.02347252
   53      -0.00070469
   54       0.04550853
   55      -0.15837082
   56       0.02598733
   57      -0.01964810
   58       0.02195765
   59      -0.01310093
   60      -0.12493722
   61      -0.04355608
   62       0.05657879
   63      -0.00987130
   64      -0.06058873
   65       0.01633530
   66      -0.06690723
   67      -0.17978842
   68      -0.06111532
   69       0.01576064
   70       0.02377925
   71      -0.00948585
   72      -0.05207009
   73      -0.10113259
   74      -0.02569697
   75      -0.05930342
   76      -0.06712800
   77      -0.05298061
   78      -0.05323874
   79      -0.12875690
   80      -0.13983534
   81      -0.02581387
   82      -0.04687664
   83       0.00150687
   84      -0.03858770
   85      -0.05743828
   86       0.02935071
   87       0.02241625
   88      -0.03582930
   89       0.04387153
   90       0.02762056
   91      -0.02791396
   92      -0.06365441
   93      -0.06885430
   94      -0.07162583
   95      -0.01357170
   96       0.01370310
   97       0.06423025
   98      -0.02343139
   99      -0.02813153
  100      -0.02320646
  101      -0.07284328
  102       0.04155375
  103       0.04924923
  104       0.01863662
  105       0.05352401
  106       0.02986379
  107      -0.10741911
  108      -0.12283021
  109       0.03628704
  110      -0.06920564
  111      -0.01378189
  112      -0.12333584
  113      -0.02779160
  114       0.03429016
  115      -0.07052003
  116      -0.05797335
  117       0.05035819
  118       0.06007921
  119      -0.07521075
  120      -0.14738173
  121      -0.01327727
  122      -0.08906245
  123      -0.11291128
  124      -0.09188554
  125       0.03107100
  126      -0.03613695
  127      -0.13429638
  128      -0.01687732
 
Nr. of electrons (up):   1412.00000000
Atom populations (up)
 Atom       Population
    1      10.95983007
    2      11.01439864
    3      10.94207067
    4      10.99029910
    5      11.04835166
    6      10.95848047
    7      10.94371232
    8      11.05126900
    9      11.08456904
   10      11.04525417
   11      11.13622953
   12      11.01573352
   13      10.96645668
   14      11.00881511
   15      11.02321450
   16      11.08280676
   17      10.97572573
   18      10.98807308
   19      10.96792210
   20      10.96952954
   21      10.97987710
   22      10.97992477
   23      11.03584407
   24      11.10389966
   25      11.04062418
   26      11.05576116
   27      11.03777758
   28      11.07256255
   29      10.97645634
   30      11.08895326
   31      11.10045835
   32      11.06652025
   33      11.02448310
   34      10.97508965
   35      11.11848508
   36      11.02407163
   37      10.99535745
   38      11.07710017
   39      11.21247721
   40      11.07541366
   41      10.95682750
   42      10.97225504
   43      10.96922326
   44      10.99581710
   45      10.96224346
   46      11.06512255
   47      11.13275847
   48      11.08936711
   49      11.06487913
   50      10.97507021
   51      11.05671114
   52      11.02347252
   53      11.00070469
   54      10.95449147
   55      11.15837082
   56      10.97401267
   57      11.01964810
   58      10.97804235
   59      11.01310093
   60      11.12493722
   61      11.04355608
   62      10.94342121
   63      11.00987130
   64      11.06058873
   65      10.98366470
   66      11.06690723
   67      11.17978842
   68      11.06111532
   69      10.98423936
   70      10.97622075
   71      11.00948585
   72      11.05207009
   73      11.10113259
   74      11.02569697
   75      11.05930342
   76      11.06712800
   77      11.05298061
   78      11.05323874
   79      11.12875690
   80      11.13983534
   81      11.02581387
   82      11.04687664
   83      10.99849313
   84      11.03858770
   85      11.05743828
   86      10.97064929
   87      10.97758375
   88      11.03582930
   89      10.95612847
   90      10.97237944
   91      11.02791396
   92      11.06365441
   93      11.06885430
   94      11.07162583
   95      11.01357170
   96      10.98629690
   97      10.93576975
   98      11.02343139
   99      11.02813153
  100      11.02320646
  101      11.07284328
  102      10.95844625
  103      10.95075077
  104      10.98136338
  105      10.94647599
  106      10.97013621
  107      11.10741911
  108      11.12283021
  109      10.96371296
  110      11.06920564
  111      11.01378189
  112      11.12333584
  113      11.02779160
  114      10.96570984
  115      11.07052003
  116      11.05797335
  117      10.94964181
  118      10.93992079
  119      11.07521075
  120      11.14738173
  121      11.01327727
  122      11.08906245
  123      11.11291128
  124      11.09188554
  125      10.96892900
  126      11.03613695
  127      11.13429638
  128      11.01687732
 
l-shell populations (up)
 Atom Sh.   l       Population
    1   1   0       0.98094084
    1   2   1       0.57861497
    1   3   2       9.40027427
    2   1   0       0.99171889
    2   2   1       0.59426197
    2   3   2       9.42841778
    3   1   0       0.97714934
    3   2   1       0.57229979
    3   3   2       9.39262155
    4   1   0       0.98741991
    4   2   1       0.58582220
    4   3   2       9.41705699
    5   1   0       1.00130005
    5   2   1       0.60468385
    5   3   2       9.44236776
    6   1   0       0.98204449
    6   2   1       0.57818614
    6   3   2       9.39824985
    7   1   0       0.97880306
    7   2   1       0.57331851
    7   3   2       9.39159074
    8   1   0       1.00110563
    8   2   1       0.60358894
    8   3   2       9.44657442
    9   1   0       1.00566502
    9   2   1       0.61571133
    9   3   2       9.46319270
   10   1   0       0.99816712
   10   2   1       0.60268285
   10   3   2       9.44440421
   11   1   0       1.02045363
   11   2   1       0.63183099
   11   3   2       9.48394491
   12   1   0       0.99400760
   12   2   1       0.59384414
   12   3   2       9.42788178
   13   1   0       0.98419926
   13   2   1       0.57837431
   13   3   2       9.40388311
   14   1   0       0.99258701
   14   2   1       0.59191013
   14   3   2       9.42431797
   15   1   0       0.99461848
   15   2   1       0.59578949
   15   3   2       9.43280654
   16   1   0       1.00686457
   16   2   1       0.61363914
   16   3   2       9.46230305
   17   1   0       0.98204864
   17   2   1       0.58346363
   17   3   2       9.41021347
   18   1   0       0.98758525
   18   2   1       0.58589669
   18   3   2       9.41459114
   19   1   0       0.98390709
   19   2   1       0.57947963
   19   3   2       9.40453538
   20   1   0       0.98560355
   20   2   1       0.58048290
   20   3   2       9.40344310
   21   1   0       0.98750261
   21   2   1       0.58493539
   21   3   2       9.40743910
   22   1   0       0.98531532
   22   2   1       0.58370655
   22   3   2       9.41090290
   23   1   0       0.99617705
   23   2   1       0.59961179
   23   3   2       9.44005523
   24   1   0       1.01228370
   24   2   1       0.62075751
   24   3   2       9.47085844
   25   1   0       0.99872809
   25   2   1       0.60146111
   25   3   2       9.44043497
   26   1   0       1.00018542
   26   2   1       0.60775352
   26   3   2       9.44782222
   27   1   0       0.99842595
   27   2   1       0.59967464
   27   3   2       9.43967698
   28   1   0       1.00511987
   28   2   1       0.61019164
   28   3   2       9.45725105
   29   1   0       0.98373073
   29   2   1       0.58283077
   29   3   2       9.40989483
   30   1   0       1.00556014
   30   2   1       0.61723347
   30   3   2       9.46615965
   31   1   0       1.00944287
   31   2   1       0.62002522
   31   3   2       9.47099026
   32   1   0       1.00223905
   32   2   1       0.60917698
   32   3   2       9.45510422
   33   1   0       0.99604566
   33   2   1       0.59629542
   33   3   2       9.43214202
   34   1   0       0.98479445
   34   2   1       0.58380073
   34   3   2       9.40649447
   35   1   0       1.01636573
   35   2   1       0.62660636
   35   3   2       9.47551298
   36   1   0       0.99577855
   36   2   1       0.59581768
   36   3   2       9.43247539
   37   1   0       0.98487219
   37   2   1       0.58812616
   37   3   2       9.42235910
   38   1   0       1.00239232
   38   2   1       0.61356918
   38   3   2       9.46113867
   39   1   0       1.03467903
   39   2   1       0.65957815
   39   3   2       9.51822003
   40   1   0       1.00352000
   40   2   1       0.61229920
   40   3   2       9.45959446
   41   1   0       0.98106390
   41   2   1       0.57754840
   41   3   2       9.39821520
   42   1   0       0.98442544
   42   2   1       0.58176736
   42   3   2       9.40606224
   43   1   0       0.98571409
   43   2   1       0.58043051
   43   3   2       9.40307865
   44   1   0       0.99082839
   44   2   1       0.58751887
   44   3   2       9.41746984
   45   1   0       0.97987218
   45   2   1       0.57938798
   45   3   2       9.40298330
   46   1   0       1.00099173
   46   2   1       0.61003344
   46   3   2       9.45409738
   47   1   0       1.01600272
   47   2   1       0.63076999
   47   3   2       9.48598576
   48   1   0       1.00680801
   48   2   1       0.61718266
   48   3   2       9.46537645
   49   1   0       1.00158677
   49   2   1       0.60983320
   49   3   2       9.45345915
   50   1   0       0.98269954
   50   2   1       0.58274229
   50   3   2       9.40962838
   51   1   0       1.00398085
   51   2   1       0.60577390
   51   3   2       9.44695639
   52   1   0       0.99431557
   52   2   1       0.59651093
   52   3   2       9.43264603
   53   1   0       0.99029000
   53   2   1       0.58878558
   53   3   2       9.42162911
   54   1   0       0.97717331
   54   2   1       0.57816075
   54   3   2       9.39915741
   55   1   0       1.02606521
   55   2   1       0.63892496
   55   3   2       9.49338065
   56   1   0       0.98247275
   56   2   1       0.58284597
   56   3   2       9.40869395
   57   1   0       0.99274859
   57   2   1       0.59505754
   57   3   2       9.43184197
   58   1   0       0.98669505
   58   2   1       0.58146124
   58   3   2       9.40988606
   59   1   0       0.99258490
   59   2   1       0.59288668
   59   3   2       9.42762935
   60   1   0       1.01906110
   60   2   1       0.62796364
   60   3   2       9.47791248
   61   1   0       0.99992303
   61   2   1       0.60198364
   61   3   2       9.44164941
   62   1   0       0.97876621
   62   2   1       0.57330654
   62   3   2       9.39134846
   63   1   0       0.99403736
   63   2   1       0.59063002
   63   3   2       9.42520392
   64   1   0       1.00472647
   64   2   1       0.60579238
   64   3   2       9.45006987
   65   1   0       0.98280519
   65   2   1       0.58480578
   65   3   2       9.41605372
   66   1   0       0.99958910
   66   2   1       0.61019948
   66   3   2       9.45711864
   67   1   0       1.02699341
   67   2   1       0.64772444
   67   3   2       9.50507058
   68   1   0       0.99972268
   68   2   1       0.60774579
   68   3   2       9.45364685
   69   1   0       0.98488452
   69   2   1       0.58539422
   69   3   2       9.41396063
   70   1   0       0.98297511
   70   2   1       0.58334354
   70   3   2       9.40990210
   71   1   0       0.99219504
   71   2   1       0.59175280
   71   3   2       9.42553801
   72   1   0       0.99945492
   72   2   1       0.60564114
   72   3   2       9.44697403
   73   1   0       1.00915257
   73   2   1       0.62062995
   73   3   2       9.47135007
   74   1   0       0.99305532
   74   2   1       0.59573879
   74   3   2       9.43690285
   75   1   0       0.99984333
   75   2   1       0.60533475
   75   3   2       9.45412534
   76   1   0       1.00270509
   76   2   1       0.60863600
   76   3   2       9.45578692
   77   1   0       0.99989704
   77   2   1       0.60492011
   77   3   2       9.44816346
   78   1   0       0.99933712
   78   2   1       0.60604775
   78   3   2       9.44785387
   79   1   0       1.01687456
   79   2   1       0.62987390
   79   3   2       9.48200844
   80   1   0       1.02009359
   80   2   1       0.63245800
   80   3   2       9.48728374
   81   1   0       0.99239737
   81   2   1       0.59798974
   81   3   2       9.43542676
   82   1   0       1.00116124
   82   2   1       0.60301727
   82   3   2       9.44269813
   83   1   0       0.98775297
   83   2   1       0.58852297
   83   3   2       9.42221718
   84   1   0       0.99702365
   84   2   1       0.60061308
   84   3   2       9.44095097
   85   1   0       1.00111658
   85   2   1       0.60671089
   85   3   2       9.44961082
   86   1   0       0.98257374
   86   2   1       0.58058837
   86   3   2       9.40748718
   87   1   0       0.98291526
   87   2   1       0.58259176
   87   3   2       9.41207673
   88   1   0       0.99861716
   88   2   1       0.59899534
   88   3   2       9.43821679
   89   1   0       0.97850999
   89   2   1       0.57800258
   89   3   2       9.39961590
   90   1   0       0.98599302
   90   2   1       0.58023147
   90   3   2       9.40615495
   91   1   0       0.99541261
   91   2   1       0.59740794
   91   3   2       9.43509341
   92   1   0       1.00221379
   92   2   1       0.60813509
   92   3   2       9.45330553
   93   1   0       1.00402128
   93   2   1       0.60949539
   93   3   2       9.45533763
   94   1   0       1.00495218
   94   2   1       0.61148301
   94   3   2       9.45519064
   95   1   0       0.99294021
   95   2   1       0.59307213
   95   3   2       9.42755936
   96   1   0       0.98767461
   96   2   1       0.58408846
   96   3   2       9.41453383
   97   1   0       0.97485932
   97   2   1       0.57230414
   97   3   2       9.38860629
   98   1   0       0.99558664
   98   2   1       0.59673696
   98   3   2       9.43110779
   99   1   0       0.99586371
   99   2   1       0.59659176
   99   3   2       9.43567606
  100   1   0       0.99336405
  100   2   1       0.59575006
  100   3   2       9.43409235
  101   1   0       1.00492190
  101   2   1       0.61162017
  101   3   2       9.45630122
  102   1   0       0.98176118
  102   2   1       0.57696990
  102   3   2       9.39971516
  103   1   0       0.98053529
  103   2   1       0.57455931
  103   3   2       9.39565616
  104   1   0       0.98766764
  104   2   1       0.58343593
  104   3   2       9.41025980
  105   1   0       0.97671086
  105   2   1       0.57425461
  105   3   2       9.39551052
  106   1   0       0.98232402
  106   2   1       0.58042434
  106   3   2       9.40738785
  107   1   0       1.01319776
  107   2   1       0.62293931
  107   3   2       9.47128204
  108   1   0       1.01724665
  108   2   1       0.62674878
  108   3   2       9.47883478
  109   1   0       0.97987695
  109   2   1       0.57882309
  109   3   2       9.40501292
  110   1   0       1.00559495
  110   2   1       0.60895618
  110   3   2       9.45465451
  111   1   0       0.99205307
  111   2   1       0.59393763
  111   3   2       9.42779119
  112   1   0       1.01737010
  112   2   1       0.62644528
  112   3   2       9.47952046
  113   1   0       0.99648470
  113   2   1       0.59661887
  113   3   2       9.43468803
  114   1   0       0.97945827
  114   2   1       0.58100739
  114   3   2       9.40524418
  115   1   0       1.00474232
  115   2   1       0.60985071
  115   3   2       9.45592700
  116   1   0       1.00143677
  116   2   1       0.60640576
  116   3   2       9.45013083
  117   1   0       0.97653490
  117   2   1       0.57614796
  117   3   2       9.39695895
  118   1   0       0.97583259
  118   2   1       0.57171079
  118   3   2       9.39237740
  119   1   0       1.00305209
  119   2   1       0.61215511
  119   3   2       9.46000356
  120   1   0       1.01967746
  120   2   1       0.63756895
  120   3   2       9.49013532
  121   1   0       0.99230876
  121   2   1       0.59296367
  121   3   2       9.42800484
  122   1   0       1.00586956
  122   2   1       0.61716381
  122   3   2       9.46602908
  123   1   0       1.01324846
  123   2   1       0.62335363
  123   3   2       9.47630918
  124   1   0       1.00809550
  124   2   1       0.61696764
  124   3   2       9.46682241
  125   1   0       0.98192450
  125   2   1       0.58072681
  125   3   2       9.40627769
  126   1   0       0.99763450
  126   2   1       0.60114687
  126   3   2       9.43735559
  127   1   0       1.01952389
  127   2   1       0.63176114
  127   3   2       9.48301135
  128   1   0       0.99335536
  128   2   1       0.59374992
  128   3   2       9.42977205
 
Orbital populations (up)
 Atom Sh.   l   m       Population  Label
    1   1   0   0       0.98094084  s
    1   2   1  -1       0.24798423  p_y
    1   2   1   0       0.08215849  p_z
    1   2   1   1       0.24847225  p_x
    1   3   2  -2       1.61840503  d_xy
    1   3   2  -1       1.95519225  d_yz
    1   3   2   0       1.96181851  d_z2
    1   3   2   1       1.95538017  d_xz
    1   3   2   2       1.90947830  d_x2-y2
    2   1   0   0       0.99171889  s
    2   2   1  -1       0.25471745  p_y
    2   2   1   0       0.08449001  p_z
    2   2   1   1       0.25505451  p_x
    2   3   2  -2       1.63551503  d_xy
    2   3   2  -1       1.95673100  d_yz
    2   3   2   0       1.96201406  d_z2
    2   3   2   1       1.95672941  d_xz
    2   3   2   2       1.91742828  d_x2-y2
    3   1   0   0       0.97714934  s
    3   2   1  -1       0.24531220  p_y
    3   2   1   0       0.08150392  p_z
    3   2   1   1       0.24548367  p_x
    3   3   2  -2       1.61392228  d_xy
    3   3   2  -1       1.95465872  d_yz
    3   3   2   0       1.96174413  d_z2
    3   3   2   1       1.95479602  d_xz
    3   3   2   2       1.90750039  d_x2-y2
    4   1   0   0       0.98741991  s
    4   2   1  -1       0.25085505  p_y
    4   2   1   0       0.08405210  p_z
    4   2   1   1       0.25091505  p_x
    4   3   2  -2       1.62775304  d_xy
    4   3   2  -1       1.95636092  d_yz
    4   3   2   0       1.96193707  d_z2
    4   3   2   1       1.95646834  d_xz
    4   3   2   2       1.91453762  d_x2-y2
    5   1   0   0       1.00130005  s
    5   2   1  -1       0.25824832  p_y
    5   2   1   0       0.08729103  p_z
    5   2   1   1       0.25914451  p_x
    5   3   2  -2       1.64101804  d_xy
    5   3   2  -1       1.95848391  d_yz
    5   3   2   0       1.96222111  d_z2
    5   3   2   1       1.95853021  d_xz
    5   3   2   2       1.92211449  d_x2-y2
    6   1   0   0       0.98204449  s
    6   2   1  -1       0.24764395  p_y
    6   2   1   0       0.08302531  p_z
    6   2   1   1       0.24751688  p_x
    6   3   2  -2       1.61528026  d_xy
    6   3   2  -1       1.95594366  d_yz
    6   3   2   0       1.96185380  d_z2
    6   3   2   1       1.95582332  d_xz
    6   3   2   2       1.90934881  d_x2-y2
    7   1   0   0       0.97880306  s
    7   2   1  -1       0.24537884  p_y
    7   2   1   0       0.08225397  p_z
    7   2   1   1       0.24568571  p_x
    7   3   2  -2       1.61191518  d_xy
    7   3   2  -1       1.95532331  d_yz
    7   3   2   0       1.96178855  d_z2
    7   3   2   1       1.95521834  d_xz
    7   3   2   2       1.90734536  d_x2-y2
    8   1   0   0       1.00110563  s
    8   2   1  -1       0.25835418  p_y
    8   2   1   0       0.08671276  p_z
    8   2   1   1       0.25852201  p_x
    8   3   2  -2       1.64588236  d_xy
    8   3   2  -1       1.95806546  d_yz
    8   3   2   0       1.96220073  d_z2
    8   3   2   1       1.95809005  d_xz
    8   3   2   2       1.92233583  d_x2-y2
    9   1   0   0       1.00566502  s
    9   2   1  -1       0.26466819  p_y
    9   2   1   0       0.08742157  p_z
    9   2   1   1       0.26362156  p_x
    9   3   2  -2       1.65761733  d_xy
    9   3   2  -1       1.95863932  d_yz
    9   3   2   0       1.96228002  d_z2
    9   3   2   1       1.95838855  d_xz
    9   3   2   2       1.92626748  d_x2-y2
   10   1   0   0       0.99816712  s
   10   2   1  -1       0.25842611  p_y
   10   2   1   0       0.08591657  p_z
   10   2   1   1       0.25834017  p_x
   10   3   2  -2       1.64547313  d_xy
   10   3   2  -1       1.95764713  d_yz
   10   3   2   0       1.96213402  d_z2
   10   3   2   1       1.95754358  d_xz
   10   3   2   2       1.92160634  d_x2-y2
   11   1   0   0       1.02045363  s
   11   2   1  -1       0.27040593  p_y
   11   2   1   0       0.09161925  p_z
   11   2   1   1       0.26980581  p_x
   11   3   2  -2       1.66770307  d_xy
   11   3   2  -1       1.96092825  d_yz
   11   3   2   0       1.96260093  d_z2
   11   3   2   1       1.96081284  d_xz
   11   3   2   2       1.93189981  d_x2-y2
   12   1   0   0       0.99400760  s
   12   2   1  -1       0.25424967  p_y
   12   2   1   0       0.08566700  p_z
   12   2   1   1       0.25392746  p_x
   12   3   2  -2       1.63261112  d_xy
   12   3   2  -1       1.95752300  d_yz
   12   3   2   0       1.96207421  d_z2
   12   3   2   1       1.95740679  d_xz
   12   3   2   2       1.91826666  d_x2-y2
   13   1   0   0       0.98419926  s
   13   2   1  -1       0.24752497  p_y
   13   2   1   0       0.08366699  p_z
   13   2   1   1       0.24718234  p_x
   13   3   2  -2       1.61820256  d_xy
   13   3   2  -1       1.95628765  d_yz
   13   3   2   0       1.96188928  d_z2
   13   3   2   1       1.95611541  d_xz
   13   3   2   2       1.91138822  d_x2-y2
   14   1   0   0       0.99258701  s
   14   2   1  -1       0.25338309  p_y
   14   2   1   0       0.08525016  p_z
   14   2   1   1       0.25327687  p_x
   14   3   2  -2       1.63070622  d_xy
   14   3   2  -1       1.95738525  d_yz
   14   3   2   0       1.96204875  d_z2
   14   3   2   1       1.95721270  d_xz
   14   3   2   2       1.91696505  d_x2-y2
   15   1   0   0       0.99461848  s
   15   2   1  -1       0.25547561  p_y
   15   2   1   0       0.08531185  p_z
   15   2   1   1       0.25500202  p_x
   15   3   2  -2       1.63739303  d_xy
   15   3   2  -1       1.95736987  d_yz
   15   3   2   0       1.96207334  d_z2
   15   3   2   1       1.95726321  d_xz
   15   3   2   2       1.91870709  d_x2-y2
   16   1   0   0       1.00686457  s
   16   2   1  -1       0.26286069  p_y
   16   2   1   0       0.08744904  p_z
   16   2   1   1       0.26332940  p_x
   16   3   2  -2       1.65636631  d_xy
   16   3   2  -1       1.95857252  d_yz
   16   3   2   0       1.96231078  d_z2
   16   3   2   1       1.95866059  d_xz
   16   3   2   2       1.92639285  d_x2-y2
   17   1   0   0       0.98204864  s
   17   2   1  -1       0.25038674  p_y
   17   2   1   0       0.08213144  p_z
   17   2   1   1       0.25094545  p_x
   17   3   2  -2       1.62598275  d_xy
   17   3   2  -1       1.95514709  d_yz
   17   3   2   0       1.96182685  d_z2
   17   3   2   1       1.95533338  d_xz
   17   3   2   2       1.91192339  d_x2-y2
   18   1   0   0       0.98758525  s
   18   2   1  -1       0.25114692  p_y
   18   2   1   0       0.08391979  p_z
   18   2   1   1       0.25082998  p_x
   18   3   2  -2       1.62557335  d_xy
   18   3   2  -1       1.95637025  d_yz
   18   3   2   0       1.96195091  d_z2
   18   3   2   1       1.95654172  d_xz
   18   3   2   2       1.91415492  d_x2-y2
   19   1   0   0       0.98390709  s
   19   2   1  -1       0.24774077  p_y
   19   2   1   0       0.08322610  p_z
   19   2   1   1       0.24851276  p_x
   19   3   2  -2       1.61924160  d_xy
   19   3   2  -1       1.95586242  d_yz
   19   3   2   0       1.96187975  d_z2
   19   3   2   1       1.95603861  d_xz
   19   3   2   2       1.91151300  d_x2-y2
   20   1   0   0       0.98560355  s
   20   2   1  -1       0.24840411  p_y
   20   2   1   0       0.08350549  p_z
   20   2   1   1       0.24857330  p_x
   20   3   2  -2       1.61725793  d_xy
   20   3   2  -1       1.95613718  d_yz
   20   3   2   0       1.96191786  d_z2
   20   3   2   1       1.95623709  d_xz
   20   3   2   2       1.91189304  d_x2-y2
   21   1   0   0       0.98750261  s
   21   2   1  -1       0.25037120  p_y
   21   2   1   0       0.08399073  p_z
   21   2   1   1       0.25057346  p_x
   21   3   2  -2       1.61939945  d_xy
   21   3   2  -1       1.95661420  d_yz
   21   3   2   0       1.96195862  d_z2
   21   3   2   1       1.95653893  d_xz
   21   3   2   2       1.91292791  d_x2-y2
   22   1   0   0       0.98531532  s
   22   2   1  -1       0.25038875  p_y
   22   2   1   0       0.08297354  p_z
   22   2   1   1       0.25034426  p_x
   22   3   2  -2       1.62444385  d_xy
   22   3   2  -1       1.95573554  d_yz
   22   3   2   0       1.96189526  d_z2
   22   3   2   1       1.95578825  d_xz
   22   3   2   2       1.91304000  d_x2-y2
   23   1   0   0       0.99617705  s
   23   2   1  -1       0.25684145  p_y
   23   2   1   0       0.08543519  p_z
   23   2   1   1       0.25733515  p_x
   23   3   2  -2       1.64247621  d_xy
   23   3   2  -1       1.95730967  d_yz
   23   3   2   0       1.96210596  d_z2
   23   3   2   1       1.95740199  d_xz
   23   3   2   2       1.92076139  d_x2-y2
   24   1   0   0       1.01228370  s
   24   2   1  -1       0.26587598  p_y
   24   2   1   0       0.08896994  p_z
   24   2   1   1       0.26591159  p_x
   24   3   2  -2       1.66075980  d_xy
   24   3   2  -1       1.95934360  d_yz
   24   3   2   0       1.96242499  d_z2
   24   3   2   1       1.95948894  d_xz
   24   3   2   2       1.92884111  d_x2-y2
   25   1   0   0       0.99872809  s
   25   2   1  -1       0.25745594  p_y
   25   2   1   0       0.08647776  p_z
   25   2   1   1       0.25752741  p_x
   25   3   2  -2       1.64099703  d_xy
   25   3   2  -1       1.95806647  d_yz
   25   3   2   0       1.96216100  d_z2
   25   3   2   1       1.95804593  d_xz
   25   3   2   2       1.92116455  d_x2-y2
   26   1   0   0       1.00018542  s
   26   2   1  -1       0.26069090  p_y
   26   2   1   0       0.08646843  p_z
   26   2   1   1       0.26059419  p_x
   26   3   2  -2       1.64675009  d_xy
   26   3   2  -1       1.95811796  d_yz
   26   3   2   0       1.96218640  d_z2
   26   3   2   1       1.95802998  d_xz
   26   3   2   2       1.92273779  d_x2-y2
   27   1   0   0       0.99842595  s
   27   2   1  -1       0.25673800  p_y
   27   2   1   0       0.08616645  p_z
   27   2   1   1       0.25677019  p_x
   27   3   2  -2       1.64062316  d_xy
   27   3   2  -1       1.95778643  d_yz
   27   3   2   0       1.96215092  d_z2
   27   3   2   1       1.95785199  d_xz
   27   3   2   2       1.92126448  d_x2-y2
   28   1   0   0       1.00511987  s
   28   2   1  -1       0.26146061  p_y
   28   2   1   0       0.08743482  p_z
   28   2   1   1       0.26129621  p_x
   28   3   2  -2       1.65249643  d_xy
   28   3   2  -1       1.95865938  d_yz
   28   3   2   0       1.96227856  d_z2
   28   3   2   1       1.95843938  d_xz
   28   3   2   2       1.92537729  d_x2-y2
   29   1   0   0       0.98373073  s
   29   2   1  -1       0.25034008  p_y
   29   2   1   0       0.08261652  p_z
   29   2   1   1       0.24987416  p_x
   29   3   2  -2       1.62458524  d_xy
   29   3   2  -1       1.95556860  d_yz
   29   3   2   0       1.96186605  d_z2
   29   3   2   1       1.95544513  d_xz
   29   3   2   2       1.91242981  d_x2-y2
   30   1   0   0       1.00556014  s
   30   2   1  -1       0.26515027  p_y
   30   2   1   0       0.08704990  p_z
   30   2   1   1       0.26503330  p_x
   30   3   2  -2       1.66092639  d_xy
   30   3   2  -1       1.95817997  d_yz
   30   3   2   0       1.96226906  d_z2
   30   3   2   1       1.95810745  d_xz
   30   3   2   2       1.92667678  d_x2-y2
   31   1   0   0       1.00944287  s
   31   2   1  -1       0.26541694  p_y
   31   2   1   0       0.08816092  p_z
   31   2   1   1       0.26644736  p_x
   31   3   2  -2       1.66277584  d_xy
   31   3   2  -1       1.95878034  d_yz
   31   3   2   0       1.96235689  d_z2
   31   3   2   1       1.95906838  d_xz
   31   3   2   2       1.92800882  d_x2-y2
   32   1   0   0       1.00223905  s
   32   2   1  -1       0.26122310  p_y
   32   2   1   0       0.08646627  p_z
   32   2   1   1       0.26148760  p_x
   32   3   2  -2       1.65326141  d_xy
   32   3   2  -1       1.95766004  d_yz
   32   3   2   0       1.96220569  d_z2
   32   3   2   1       1.95769487  d_xz
   32   3   2   2       1.92428221  d_x2-y2
   33   1   0   0       0.99604566  s
   33   2   1  -1       0.25513925  p_y
   33   2   1   0       0.08611596  p_z
   33   2   1   1       0.25504021  p_x
   33   3   2  -2       1.63535236  d_xy
   33   3   2  -1       1.95784252  d_yz
   33   3   2   0       1.96211115  d_z2
   33   3   2   1       1.95777425  d_xz
   33   3   2   2       1.91906174  d_x2-y2
   34   1   0   0       0.98479445  s
   34   2   1  -1       0.25042934  p_y
   34   2   1   0       0.08340630  p_z
   34   2   1   1       0.24996509  p_x
   34   3   2  -2       1.62006026  d_xy
   34   3   2  -1       1.95602291  d_yz
   34   3   2   0       1.96190058  d_z2
   34   3   2   1       1.95610728  d_xz
   34   3   2   2       1.91240342  d_x2-y2
   35   1   0   0       1.01636573  s
   35   2   1  -1       0.26832310  p_y
   35   2   1   0       0.09026777  p_z
   35   2   1   1       0.26801549  p_x
   35   3   2  -2       1.66210135  d_xy
   35   3   2  -1       1.96019314  d_yz
   35   3   2   0       1.96251685  d_z2
   35   3   2   1       1.96013428  d_xz
   35   3   2   2       1.93056736  d_x2-y2
   36   1   0   0       0.99577855  s
   36   2   1  -1       0.25522391  p_y
   36   2   1   0       0.08535202  p_z
   36   2   1   1       0.25524175  p_x
   36   3   2  -2       1.63631141  d_xy
   36   3   2  -1       1.95731872  d_yz
   36   3   2   0       1.96209972  d_z2
   36   3   2   1       1.95725805  d_xz
   36   3   2   2       1.91948749  d_x2-y2
   37   1   0   0       0.98487219  s
   37   2   1  -1       0.25342872  p_y
   37   2   1   0       0.08234421  p_z
   37   2   1   1       0.25235323  p_x
   37   3   2  -2       1.63490906  d_xy
   37   3   2  -1       1.95555961  d_yz
   37   3   2   0       1.96186503  d_z2
   37   3   2   1       1.95513919  d_xz
   37   3   2   2       1.91488620  d_x2-y2
   38   1   0   0       1.00239232  s
   38   2   1  -1       0.26365117  p_y
   38   2   1   0       0.08613954  p_z
   38   2   1   1       0.26377847  p_x
   38   3   2  -2       1.65847668  d_xy
   38   3   2  -1       1.95755581  d_yz
   38   3   2   0       1.96220457  d_z2
   38   3   2   1       1.95758391  d_xz
   38   3   2   2       1.92531771  d_x2-y2
   39   1   0   0       1.03467903  s
   39   2   1  -1       0.28227318  p_y
   39   2   1   0       0.09407285  p_z
   39   2   1   1       0.28323212  p_x
   39   3   2  -2       1.69259405  d_xy
   39   3   2  -1       1.96184604  d_yz
   39   3   2   0       1.96289265  d_z2
   39   3   2   1       1.96204110  d_xz
   39   3   2   2       1.93884619  d_x2-y2
   40   1   0   0       1.00352000  s
   40   2   1  -1       0.26283643  p_y
   40   2   1   0       0.08678131  p_z
   40   2   1   1       0.26268146  p_x
   40   3   2  -2       1.65645131  d_xy
   40   3   2  -1       1.95781250  d_yz
   40   3   2   0       1.96223004  d_z2
   40   3   2   1       1.95776218  d_xz
   40   3   2   2       1.92533844  d_x2-y2
   41   1   0   0       0.98106390  s
   41   2   1  -1       0.24705379  p_y
   41   2   1   0       0.08255998  p_z
   41   2   1   1       0.24793464  p_x
   41   3   2  -2       1.61561423  d_xy
   41   3   2  -1       1.95539778  d_yz
   41   3   2   0       1.96182783  d_z2
   41   3   2   1       1.95554434  d_xz
   41   3   2   2       1.90983102  d_x2-y2
   42   1   0   0       0.98442544  s
   42   2   1  -1       0.24945791  p_y
   42   2   1   0       0.08322644  p_z
   42   2   1   1       0.24908301  p_x
   42   3   2  -2       1.62023413  d_xy
   42   3   2  -1       1.95600088  d_yz
   42   3   2   0       1.96188931  d_z2
   42   3   2   1       1.95589540  d_xz
   42   3   2   2       1.91204253  d_x2-y2
   43   1   0   0       0.98571409  s
   43   2   1  -1       0.24802442  p_y
   43   2   1   0       0.08361989  p_z
   43   2   1   1       0.24878621  p_x
   43   3   2  -2       1.61668565  d_xy
   43   3   2  -1       1.95615515  d_yz
   43   3   2   0       1.96191932  d_z2
   43   3   2   1       1.95631269  d_xz
   43   3   2   2       1.91200585  d_x2-y2
   44   1   0   0       0.99082839  s
   44   2   1  -1       0.25130327  p_y
   44   2   1   0       0.08474565  p_z
   44   2   1   1       0.25146995  p_x
   44   3   2  -2       1.62577115  d_xy
   44   3   2  -1       1.95696733  d_yz
   44   3   2   0       1.96201710  d_z2
   44   3   2   1       1.95692104  d_xz
   44   3   2   2       1.91579322  d_x2-y2
   45   1   0   0       0.97987218  s
   45   2   1  -1       0.24897146  p_y
   45   2   1   0       0.08140502  p_z
   45   2   1   1       0.24901150  p_x
   45   3   2  -2       1.62171222  d_xy
   45   3   2  -1       1.95481493  d_yz
   45   3   2   0       1.96178949  d_z2
   45   3   2   1       1.95468726  d_xz
   45   3   2   2       1.90997939  d_x2-y2
   46   1   0   0       1.00099173  s
   46   2   1  -1       0.26183273  p_y
   46   2   1   0       0.08624769  p_z
   46   2   1   1       0.26195302  p_x
   46   3   2  -2       1.65262092  d_xy
   46   3   2  -1       1.95776258  d_yz
   46   3   2   0       1.96218920  d_z2
   46   3   2   1       1.95774447  d_xz
   46   3   2   2       1.92378021  d_x2-y2
   47   1   0   0       1.01600272  s
   47   2   1  -1       0.26996153  p_y
   47   2   1   0       0.08923654  p_z
   47   2   1   1       0.27157192  p_x
   47   3   2  -2       1.67280031  d_xy
   47   3   2  -1       1.95936709  d_yz
   47   3   2   0       1.96248583  d_z2
   47   3   2   1       1.95970837  d_xz
   47   3   2   2       1.93162416  d_x2-y2
   48   1   0   0       1.00680801  s
   48   2   1  -1       0.26482798  p_y
   48   2   1   0       0.08749790  p_z
   48   2   1   1       0.26485678  p_x
   48   3   2  -2       1.65903840  d_xy
   48   3   2  -1       1.95849922  d_yz
   48   3   2   0       1.96231014  d_z2
   48   3   2   1       1.95846967  d_xz
   48   3   2   2       1.92705903  d_x2-y2
   49   1   0   0       1.00158677  s
   49   2   1  -1       0.26172691  p_y
   49   2   1   0       0.08654926  p_z
   49   2   1   1       0.26155703  p_x
   49   3   2  -2       1.65156823  d_xy
   49   3   2  -1       1.95803927  d_yz
   49   3   2   0       1.96220049  d_z2
   49   3   2   1       1.95785887  d_xz
   49   3   2   2       1.92379229  d_x2-y2
   50   1   0   0       0.98269954  s
   50   2   1  -1       0.25023541  p_y
   50   2   1   0       0.08246994  p_z
   50   2   1   1       0.25003695  p_x
   50   3   2  -2       1.62500209  d_xy
   50   3   2  -1       1.95567077  d_yz
   50   3   2   0       1.96184164  d_z2
   50   3   2   1       1.95535803  d_xz
   50   3   2   2       1.91175585  d_x2-y2
   51   1   0   0       1.00398085  s
   51   2   1  -1       0.25933225  p_y
   51   2   1   0       0.08792001  p_z
   51   2   1   1       0.25852164  p_x
   51   3   2  -2       1.64329421  d_xy
   51   3   2  -1       1.95894597  d_yz
   51   3   2   0       1.96227353  d_z2
   51   3   2   1       1.95881668  d_xz
   51   3   2   2       1.92362600  d_x2-y2
   52   1   0   0       0.99431557  s
   52   2   1  -1       0.25521386  p_y
   52   2   1   0       0.08545684  p_z
   52   2   1   1       0.25584022  p_x
   52   3   2  -2       1.63680917  d_xy
   52   3   2  -1       1.95741783  d_yz
   52   3   2   0       1.96207714  d_z2
   52   3   2   1       1.95747662  d_xz
   52   3   2   2       1.91886527  d_x2-y2
   53   1   0   0       0.99029000  s
   53   2   1  -1       0.25252334  p_y
   53   2   1   0       0.08435541  p_z
   53   2   1   1       0.25190683  p_x
   53   3   2  -2       1.63038113  d_xy
   53   3   2  -1       1.95672879  d_yz
   53   3   2   0       1.96198906  d_z2
   53   3   2   1       1.95658771  d_xz
   53   3   2   2       1.91594243  d_x2-y2
   54   1   0   0       0.97717331  s
   54   2   1  -1       0.24820356  p_y
   54   2   1   0       0.08146361  p_z
   54   2   1   1       0.24849358  p_x
   54   3   2  -2       1.61965731  d_xy
   54   3   2  -1       1.95473416  d_yz
   54   3   2   0       1.96174496  d_z2
   54   3   2   1       1.95477101  d_xz
   54   3   2   2       1.90824996  d_x2-y2
   55   1   0   0       1.02606521  s
   55   2   1  -1       0.27340323  p_y
   55   2   1   0       0.09241501  p_z
   55   2   1   1       0.27310673  p_x
   55   3   2  -2       1.67371754  d_xy
   55   3   2  -1       1.96107362  d_yz
   55   3   2   0       1.96271115  d_z2
   55   3   2   1       1.96120952  d_xz
   55   3   2   2       1.93466881  d_x2-y2
   56   1   0   0       0.98247275  s
   56   2   1  -1       0.24978196  p_y
   56   2   1   0       0.08237124  p_z
   56   2   1   1       0.25069277  p_x
   56   3   2  -2       1.62427326  d_xy
   56   3   2  -1       1.95526048  d_yz
   56   3   2   0       1.96184098  d_z2
   56   3   2   1       1.95542431  d_xz
   56   3   2   2       1.91189492  d_x2-y2
   57   1   0   0       0.99274859  s
   57   2   1  -1       0.25510206  p_y
   57   2   1   0       0.08489487  p_z
   57   2   1   1       0.25506060  p_x
   57   3   2  -2       1.63745889  d_xy
   57   3   2  -1       1.95695524  d_yz
   57   3   2   0       1.96203526  d_z2
   57   3   2   1       1.95685726  d_xz
   57   3   2   2       1.91853533  d_x2-y2
   58   1   0   0       0.98669505  s
   58   2   1  -1       0.24880343  p_y
   58   2   1   0       0.08381940  p_z
   58   2   1   1       0.24883841  p_x
   58   3   2  -2       1.62236635  d_xy
   58   3   2  -1       1.95637069  d_yz
   58   3   2   0       1.96193122  d_z2
   58   3   2   1       1.95628546  d_xz
   58   3   2   2       1.91293234  d_x2-y2
   59   1   0   0       0.99258490  s
   59   2   1  -1       0.25427428  p_y
   59   2   1   0       0.08485193  p_z
   59   2   1   1       0.25376047  p_x
   59   3   2  -2       1.63389712  d_xy
   59   3   2  -1       1.95707034  d_yz
   59   3   2   0       1.96203626  d_z2
   59   3   2   1       1.95696884  d_xz
   59   3   2   2       1.91765679  d_x2-y2
   60   1   0   0       1.01906110  s
   60   2   1  -1       0.26844662  p_y
   60   2   1   0       0.09128675  p_z
   60   2   1   1       0.26823027  p_x
   60   3   2  -2       1.66263648  d_xy
   60   3   2  -1       1.96066069  d_yz
   60   3   2   0       1.96257698  d_z2
   60   3   2   1       1.96073980  d_xz
   60   3   2   2       1.93129852  d_x2-y2
   61   1   0   0       0.99992303  s
   61   2   1  -1       0.25742742  p_y
   61   2   1   0       0.08671614  p_z
   61   2   1   1       0.25784009  p_x
   61   3   2  -2       1.64146230  d_xy
   61   3   2  -1       1.95811808  d_yz
   61   3   2   0       1.96218604  d_z2
   61   3   2   1       1.95812835  d_xz
   61   3   2   2       1.92175464  d_x2-y2
   62   1   0   0       0.97876621  s
   62   2   1  -1       0.24595307  p_y
   62   2   1   0       0.08216332  p_z
   62   2   1   1       0.24519015  p_x
   62   3   2  -2       1.61152918  d_xy
   62   3   2  -1       1.95533108  d_yz
   62   3   2   0       1.96178526  d_z2
   62   3   2   1       1.95512534  d_xz
   62   3   2   2       1.90757760  d_x2-y2
   63   1   0   0       0.99403736  s
   63   2   1  -1       0.25260256  p_y
   63   2   1   0       0.08558530  p_z
   63   2   1   1       0.25244215  p_x
   63   3   2  -2       1.63086634  d_xy
   63   3   2  -1       1.95740822  d_yz
   63   3   2   0       1.96207025  d_z2
   63   3   2   1       1.95744072  d_xz
   63   3   2   2       1.91741838  d_x2-y2
   64   1   0   0       1.00472647  s
   64   2   1  -1       0.25892952  p_y
   64   2   1   0       0.08805987  p_z
   64   2   1   1       0.25880299  p_x
   64   3   2  -2       1.64601265  d_xy
   64   3   2  -1       1.95893430  d_yz
   64   3   2   0       1.96228981  d_z2
   64   3   2   1       1.95888734  d_xz
   64   3   2   2       1.92394577  d_x2-y2
   65   1   0   0       0.98280519  s
   65   2   1  -1       0.25127680  p_y
   65   2   1   0       0.08191551  p_z
   65   2   1   1       0.25161347  p_x
   65   3   2  -2       1.63112118  d_xy
   65   3   2  -1       1.95510091  d_yz
   65   3   2   0       1.96183047  d_z2
   65   3   2   1       1.95505395  d_xz
   65   3   2   2       1.91294721  d_x2-y2
   66   1   0   0       0.99958910  s
   66   2   1  -1       0.26245733  p_y
   66   2   1   0       0.08528556  p_z
   66   2   1   1       0.26245660  p_x
   66   3   2  -2       1.65660612  d_xy
   66   3   2  -1       1.95724944  d_yz
   66   3   2   0       1.96214983  d_z2
   66   3   2   1       1.95728569  d_xz
   66   3   2   2       1.92382756  d_x2-y2
   67   1   0   0       1.02699341  s
   67   2   1  -1       0.27763644  p_y
   67   2   1   0       0.09168784  p_z
   67   2   1   1       0.27840015  p_x
   67   3   2  -2       1.68445147  d_xy
   67   3   2  -1       1.96084962  d_yz
   67   3   2   0       1.96272670  d_z2
   67   3   2   1       1.96097147  d_xz
   67   3   2   2       1.93607131  d_x2-y2
   68   1   0   0       0.99972268  s
   68   2   1  -1       0.26103472  p_y
   68   2   1   0       0.08539964  p_z
   68   2   1   1       0.26131143  p_x
   68   3   2  -2       1.65343419  d_xy
   68   3   2  -1       1.95729322  d_yz
   68   3   2   0       1.96215528  d_z2
   68   3   2   1       1.95732326  d_xz
   68   3   2   2       1.92344090  d_x2-y2
   69   1   0   0       0.98488452  s
   69   2   1  -1       0.25176830  p_y
   69   2   1   0       0.08224103  p_z
   69   2   1   1       0.25138489  p_x
   69   3   2  -2       1.62785495  d_xy
   69   3   2  -1       1.95542115  d_yz
   69   3   2   0       1.96187999  d_z2
   69   3   2   1       1.95520521  d_xz
   69   3   2   2       1.91359933  d_x2-y2
   70   1   0   0       0.98297511  s
   70   2   1  -1       0.25061771  p_y
   70   2   1   0       0.08208272  p_z
   70   2   1   1       0.25064310  p_x
   70   3   2  -2       1.62549189  d_xy
   70   3   2  -1       1.95518655  d_yz
   70   3   2   0       1.96184627  d_z2
   70   3   2   1       1.95513545  d_xz
   70   3   2   2       1.91224193  d_x2-y2
   71   1   0   0       0.99219504  s
   71   2   1  -1       0.25322991  p_y
   71   2   1   0       0.08443481  p_z
   71   2   1   1       0.25408808  p_x
   71   3   2  -2       1.63247683  d_xy
   71   3   2  -1       1.95659856  d_yz
   71   3   2   0       1.96203270  d_z2
   71   3   2   1       1.95689394  d_xz
   71   3   2   2       1.91753598  d_x2-y2
   72   1   0   0       0.99945492  s
   72   2   1  -1       0.25979933  p_y
   72   2   1   0       0.08601440  p_z
   72   2   1   1       0.25982740  p_x
   72   3   2  -2       1.64695270  d_xy
   72   3   2  -1       1.95758638  d_yz
   72   3   2   0       1.96216513  d_z2
   72   3   2   1       1.95774290  d_xz
   72   3   2   2       1.92252693  d_x2-y2
   73   1   0   0       1.00915257  s
   73   2   1  -1       0.26665206  p_y
   73   2   1   0       0.08795109  p_z
   73   2   1   1       0.26602680  p_x
   73   3   2  -2       1.66332317  d_xy
   73   3   2  -1       1.95894496  d_yz
   73   3   2   0       1.96236000  d_z2
   73   3   2   1       1.95894476  d_xz
   73   3   2   2       1.92777719  d_x2-y2
   74   1   0   0       0.99305532  s
   74   2   1  -1       0.25566105  p_y
   74   2   1   0       0.08408721  p_z
   74   2   1   1       0.25599054  p_x
   74   3   2  -2       1.64288140  d_xy
   74   3   2  -1       1.95655692  d_yz
   74   3   2   0       1.96203069  d_z2
   74   3   2   1       1.95656065  d_xz
   74   3   2   2       1.91887320  d_x2-y2
   75   1   0   0       0.99984333  s
   75   2   1  -1       0.25989174  p_y
   75   2   1   0       0.08554947  p_z
   75   2   1   1       0.25989354  p_x
   75   3   2  -2       1.65393391  d_xy
   75   3   2  -1       1.95740725  d_yz
   75   3   2   0       1.96215578  d_z2
   75   3   2   1       1.95747620  d_xz
   75   3   2   2       1.92315220  d_x2-y2
   76   1   0   0       1.00270509  s
   76   2   1  -1       0.26096231  p_y
   76   2   1   0       0.08656098  p_z
   76   2   1   1       0.26111271  p_x
   76   3   2  -2       1.65339326  d_xy
   76   3   2  -1       1.95808681  d_yz
   76   3   2   0       1.96222694  d_z2
   76   3   2   1       1.95810784  d_xz
   76   3   2   2       1.92397207  d_x2-y2
   77   1   0   0       0.99989704  s
   77   2   1  -1       0.25970976  p_y
   77   2   1   0       0.08577195  p_z
   77   2   1   1       0.25943840  p_x
   77   3   2  -2       1.64821576  d_xy
   77   3   2  -1       1.95767276  d_yz
   77   3   2   0       1.96217008  d_z2
   77   3   2   1       1.95752209  d_xz
   77   3   2   2       1.92258276  d_x2-y2
   78   1   0   0       0.99933712  s
   78   2   1  -1       0.26061680  p_y
   78   2   1   0       0.08563462  p_z
   78   2   1   1       0.25979634  p_x
   78   3   2  -2       1.64798506  d_xy
   78   3   2  -1       1.95762409  d_yz
   78   3   2   0       1.96216143  d_z2
   78   3   2   1       1.95742771  d_xz
   78   3   2   2       1.92265558  d_x2-y2
   79   1   0   0       1.01687456  s
   79   2   1  -1       0.27029016  p_y
   79   2   1   0       0.08984570  p_z
   79   2   1   1       0.26973805  p_x
   79   3   2  -2       1.66844872  d_xy
   79   3   2  -1       1.95993668  d_yz
   79   3   2   0       1.96251555  d_z2
   79   3   2   1       1.95981275  d_xz
   79   3   2   2       1.93129473  d_x2-y2
   80   1   0   0       1.02009359  s
   80   2   1  -1       0.27069745  p_y
   80   2   1   0       0.09080269  p_z
   80   2   1   1       0.27095786  p_x
   80   3   2  -2       1.67144619  d_xy
   80   3   2  -1       1.96032139  d_yz
   80   3   2   0       1.96257958  d_z2
   80   3   2   1       1.96030342  d_xz
   80   3   2   2       1.93263316  d_x2-y2
   81   1   0   0       0.99239737  s
   81   2   1  -1       0.25681891  p_y
   81   2   1   0       0.08406870  p_z
   81   2   1   1       0.25710213  p_x
   81   3   2  -2       1.64127708  d_xy
   81   3   2  -1       1.95659379  d_yz
   81   3   2   0       1.96202668  d_z2
   81   3   2   1       1.95664451  d_xz
   81   3   2   2       1.91888469  d_x2-y2
   82   1   0   0       1.00116124  s
   82   2   1  -1       0.25838520  p_y
   82   2   1   0       0.08645570  p_z
   82   2   1   1       0.25817637  p_x
   82   3   2  -2       1.64215071  d_xy
   82   3   2  -1       1.95812488  d_yz
   82   3   2   0       1.96221104  d_z2
   82   3   2   1       1.95799909  d_xz
   82   3   2   2       1.92221242  d_x2-y2
   83   1   0   0       0.98775297  s
   83   2   1  -1       0.25271851  p_y
   83   2   1   0       0.08315355  p_z
   83   2   1   1       0.25265091  p_x
   83   3   2  -2       1.63304654  d_xy
   83   3   2  -1       1.95599251  d_yz
   83   3   2   0       1.96193823  d_z2
   83   3   2   1       1.95598797  d_xz
   83   3   2   2       1.91525194  d_x2-y2
   84   1   0   0       0.99702365  s
   84   2   1  -1       0.25759963  p_y
   84   2   1   0       0.08541792  p_z
   84   2   1   1       0.25759553  p_x
   84   3   2  -2       1.64329389  d_xy
   84   3   2  -1       1.95737521  d_yz
   84   3   2   0       1.96212082  d_z2
   84   3   2   1       1.95749629  d_xz
   84   3   2   2       1.92066476  d_x2-y2
   85   1   0   0       1.00111658  s
   85   2   1  -1       0.25980232  p_y
   85   2   1   0       0.08632044  p_z
   85   2   1   1       0.26058812  p_x
   85   3   2  -2       1.64855817  d_xy
   85   3   2  -1       1.95793216  d_yz
   85   3   2   0       1.96220083  d_z2
   85   3   2   1       1.95803510  d_xz
   85   3   2   2       1.92288456  d_x2-y2
   86   1   0   0       0.98257374  s
   86   2   1  -1       0.24918019  p_y
   86   2   1   0       0.08227400  p_z
   86   2   1   1       0.24913418  p_x
   86   3   2  -2       1.62344338  d_xy
   86   3   2  -1       1.95530575  d_yz
   86   3   2   0       1.96184538  d_z2
   86   3   2   1       1.95538580  d_xz
   86   3   2   2       1.91150688  d_x2-y2
   87   1   0   0       0.98291526  s
   87   2   1  -1       0.25012347  p_y
   87   2   1   0       0.08213665  p_z
   87   2   1   1       0.25033164  p_x
   87   3   2  -2       1.62712224  d_xy
   87   3   2  -1       1.95513880  d_yz
   87   3   2   0       1.96184138  d_z2
   87   3   2   1       1.95524636  d_xz
   87   3   2   2       1.91272793  d_x2-y2
   88   1   0   0       0.99861716  s
   88   2   1  -1       0.25628711  p_y
   88   2   1   0       0.08609280  p_z
   88   2   1   1       0.25661543  p_x
   88   3   2  -2       1.63956669  d_xy
   88   3   2  -1       1.95778728  d_yz
   88   3   2   0       1.96215717  d_z2
   88   3   2   1       1.95792565  d_xz
   88   3   2   2       1.92078001  d_x2-y2
   89   1   0   0       0.97850999  s
   89   2   1  -1       0.24857954  p_y
   89   2   1   0       0.08136355  p_z
   89   2   1   1       0.24805949  p_x
   89   3   2  -2       1.61926277  d_xy
   89   3   2  -1       1.95473887  d_yz
   89   3   2   0       1.96177060  d_z2
   89   3   2   1       1.95459578  d_xz
   89   3   2   2       1.90924788  d_x2-y2
   90   1   0   0       0.98599302  s
   90   2   1  -1       0.24821211  p_y
   90   2   1   0       0.08336299  p_z
   90   2   1   1       0.24865637  p_x
   90   3   2  -2       1.62008175  d_xy
   90   3   2  -1       1.95608502  d_yz
   90   3   2   0       1.96191780  d_z2
   90   3   2   1       1.95593868  d_xz
   90   3   2   2       1.91213171  d_x2-y2
   91   1   0   0       0.99541261  s
   91   2   1  -1       0.25607139  p_y
   91   2   1   0       0.08525348  p_z
   91   2   1   1       0.25608308  p_x
   91   3   2  -2       1.63882366  d_xy
   91   3   2  -1       1.95734212  d_yz
   91   3   2   0       1.96209268  d_z2
   91   3   2   1       1.95731287  d_xz
   91   3   2   2       1.91952207  d_x2-y2
   92   1   0   0       1.00221379  s
   92   2   1  -1       0.26086136  p_y
   92   2   1   0       0.08670691  p_z
   92   2   1   1       0.26056682  p_x
   92   3   2  -2       1.65067124  d_xy
   92   3   2  -1       1.95818491  d_yz
   92   3   2   0       1.96222135  d_z2
   92   3   2   1       1.95825214  d_xz
   92   3   2   2       1.92397588  d_x2-y2
   93   1   0   0       1.00402128  s
   93   2   1  -1       0.26068285  p_y
   93   2   1   0       0.08723675  p_z
   93   2   1   1       0.26157579  p_x
   93   3   2  -2       1.65141866  d_xy
   93   3   2  -1       1.95842027  d_yz
   93   3   2   0       1.96225840  d_z2
   93   3   2   1       1.95852242  d_xz
   93   3   2   2       1.92471789  d_x2-y2
   94   1   0   0       1.00495218  s
   94   2   1  -1       0.26188870  p_y
   94   2   1   0       0.08776694  p_z
   94   2   1   1       0.26182737  p_x
   94   3   2  -2       1.65057289  d_xy
   94   3   2  -1       1.95885114  d_yz
   94   3   2   0       1.96228489  d_z2
   94   3   2   1       1.95875894  d_xz
   94   3   2   2       1.92472278  d_x2-y2
   95   1   0   0       0.99294021  s
   95   2   1  -1       0.25448780  p_y
   95   2   1   0       0.08496205  p_z
   95   2   1   1       0.25362228  p_x
   95   3   2  -2       1.63364395  d_xy
   95   3   2  -1       1.95721672  d_yz
   95   3   2   0       1.96204773  d_z2
   95   3   2   1       1.95707852  d_xz
   95   3   2   2       1.91757244  d_x2-y2
   96   1   0   0       0.98767461  s
   96   2   1  -1       0.24981640  p_y
   96   2   1   0       0.08419644  p_z
   96   2   1   1       0.25007562  p_x
   96   3   2  -2       1.62563975  d_xy
   96   3   2  -1       1.95665094  d_yz
   96   3   2   0       1.96194623  d_z2
   96   3   2   1       1.95648404  d_xz
   96   3   2   2       1.91381286  d_x2-y2
   97   1   0   0       0.97485932  s
   97   2   1  -1       0.24633341  p_y
   97   2   1   0       0.08057591  p_z
   97   2   1   1       0.24539483  p_x
   97   3   2  -2       1.61317442  d_xy
   97   3   2  -1       1.95423154  d_yz
   97   3   2   0       1.96169534  d_z2
   97   3   2   1       1.95385170  d_xz
   97   3   2   2       1.90565329  d_x2-y2
   98   1   0   0       0.99558664  s
   98   2   1  -1       0.25574813  p_y
   98   2   1   0       0.08540820  p_z
   98   2   1   1       0.25558063  p_x
   98   3   2  -2       1.63523713  d_xy
   98   3   2  -1       1.95745790  d_yz
   98   3   2   0       1.96210559  d_z2
   98   3   2   1       1.95724712  d_xz
   98   3   2   2       1.91906006  d_x2-y2
   99   1   0   0       0.99586371  s
   99   2   1  -1       0.25540779  p_y
   99   2   1   0       0.08562558  p_z
   99   2   1   1       0.25555839  p_x
   99   3   2  -2       1.63860955  d_xy
   99   3   2  -1       1.95745074  d_yz
   99   3   2   0       1.96210384  d_z2
   99   3   2   1       1.95752246  d_xz
   99   3   2   2       1.91998947  d_x2-y2
  100   1   0   0       0.99336405  s
  100   2   1  -1       0.25541365  p_y
  100   2   1   0       0.08472340  p_z
  100   2   1   1       0.25561301  p_x
  100   3   2  -2       1.63941698  d_xy
  100   3   2  -1       1.95683339  d_yz
  100   3   2   0       1.96204542  d_z2
  100   3   2   1       1.95704255  d_xz
  100   3   2   2       1.91875402  d_x2-y2
  101   1   0   0       1.00492190  s
  101   2   1  -1       0.26194080  p_y
  101   2   1   0       0.08753845  p_z
  101   2   1   1       0.26214091  p_x
  101   3   2  -2       1.65184556  d_xy
  101   3   2  -1       1.95864577  d_yz
  101   3   2   0       1.96228003  d_z2
  101   3   2   1       1.95875616  d_xz
  101   3   2   2       1.92477368  d_x2-y2
  102   1   0   0       0.98176118  s
  102   2   1  -1       0.24686189  p_y
  102   2   1   0       0.08255346  p_z
  102   2   1   1       0.24755455  p_x
  102   3   2  -2       1.61737978  d_xy
  102   3   2  -1       1.95543153  d_yz
  102   3   2   0       1.96183486  d_z2
  102   3   2   1       1.95556024  d_xz
  102   3   2   2       1.90950875  d_x2-y2
  103   1   0   0       0.98053529  s
  103   2   1  -1       0.24640086  p_y
  103   2   1   0       0.08265334  p_z
  103   2   1   1       0.24550512  p_x
  103   3   2  -2       1.61415464  d_xy
  103   3   2  -1       1.95555468  d_yz
  103   3   2   0       1.96181579  d_z2
  103   3   2   1       1.95550611  d_xz
  103   3   2   2       1.90862495  d_x2-y2
  104   1   0   0       0.98766764  s
  104   2   1  -1       0.24945134  p_y
  104   2   1   0       0.08424750  p_z
  104   2   1   1       0.24973710  p_x
  104   3   2  -2       1.62167402  d_xy
  104   3   2  -1       1.95658233  d_yz
  104   3   2   0       1.96195758  d_z2
  104   3   2   1       1.95674168  d_xz
  104   3   2   2       1.91330419  d_x2-y2
  105   1   0   0       0.97671086  s
  105   2   1  -1       0.24691537  p_y
  105   2   1   0       0.08072957  p_z
  105   2   1   1       0.24660967  p_x
  105   3   2  -2       1.61751236  d_xy
  105   3   2  -1       1.95435326  d_yz
  105   3   2   0       1.96173122  d_z2
  105   3   2   1       1.95398462  d_xz
  105   3   2   2       1.90792907  d_x2-y2
  106   1   0   0       0.98232402  s
  106   2   1  -1       0.24924497  p_y
  106   2   1   0       0.08222237  p_z
  106   2   1   1       0.24895700  p_x
  106   3   2  -2       1.62373522  d_xy
  106   3   2  -1       1.95533932  d_yz
  106   3   2   0       1.96183746  d_z2
  106   3   2   1       1.95509906  d_xz
  106   3   2   2       1.91137678  d_x2-y2
  107   1   0   0       1.01319776  s
  107   2   1  -1       0.26643176  p_y
  107   2   1   0       0.08944709  p_z
  107   2   1   1       0.26706045  p_x
  107   3   2  -2       1.66056325  d_xy
  107   3   2  -1       1.95966737  d_yz
  107   3   2   0       1.96245016  d_z2
  107   3   2   1       1.95973842  d_xz
  107   3   2   2       1.92886284  d_x2-y2
  108   1   0   0       1.01724665  s
  108   2   1  -1       0.26806549  p_y
  108   2   1   0       0.09058931  p_z
  108   2   1   1       0.26809399  p_x
  108   3   2  -2       1.66528942  d_xy
  108   3   2  -1       1.96019276  d_yz
  108   3   2   0       1.96252975  d_z2
  108   3   2   1       1.96021585  d_xz
  108   3   2   2       1.93060701  d_x2-y2
  109   1   0   0       0.97987695  s
  109   2   1  -1       0.24819730  p_y
  109   2   1   0       0.08196859  p_z
  109   2   1   1       0.24865719  p_x
  109   3   2  -2       1.62315649  d_xy
  109   3   2  -1       1.95506474  d_yz
  109   3   2   0       1.96179136  d_z2
  109   3   2   1       1.95501409  d_xz
  109   3   2   2       1.90998623  d_x2-y2
  110   1   0   0       1.00559495  s
  110   2   1  -1       0.26099204  p_y
  110   2   1   0       0.08774353  p_z
  110   2   1   1       0.26022061  p_x
  110   3   2  -2       1.65006478  d_xy
  110   3   2  -1       1.95884612  d_yz
  110   3   2   0       1.96229391  d_z2
  110   3   2   1       1.95858961  d_xz
  110   3   2   2       1.92486009  d_x2-y2
  111   1   0   0       0.99205307  s
  111   2   1  -1       0.25460019  p_y
  111   2   1   0       0.08475891  p_z
  111   2   1   1       0.25457853  p_x
  111   3   2  -2       1.63427082  d_xy
  111   3   2  -1       1.95688413  d_yz
  111   3   2   0       1.96203074  d_z2
  111   3   2   1       1.95701989  d_xz
  111   3   2   2       1.91758561  d_x2-y2
  112   1   0   0       1.01737010  s
  112   2   1  -1       0.26789714  p_y
  112   2   1   0       0.09049225  p_z
  112   2   1   1       0.26805589  p_x
  112   3   2  -2       1.66552115  d_xy
  112   3   2  -1       1.96011334  d_yz
  112   3   2   0       1.96252600  d_z2
  112   3   2   1       1.96023292  d_xz
  112   3   2   2       1.93112705  d_x2-y2
  113   1   0   0       0.99648470  s
  113   2   1  -1       0.25594217  p_y
  113   2   1   0       0.08543883  p_z
  113   2   1   1       0.25523786  p_x
  113   3   2  -2       1.63828278  d_xy
  113   3   2  -1       1.95744124  d_yz
  113   3   2   0       1.96211260  d_z2
  113   3   2   1       1.95725108  d_xz
  113   3   2   2       1.91960035  d_x2-y2
  114   1   0   0       0.97945827  s
  114   2   1  -1       0.24976069  p_y
  114   2   1   0       0.08143371  p_z
  114   2   1   1       0.24981299  p_x
  114   3   2  -2       1.62381363  d_xy
  114   3   2  -1       1.95474542  d_yz
  114   3   2   0       1.96178348  d_z2
  114   3   2   1       1.95482821  d_xz
  114   3   2   2       1.91007343  d_x2-y2
  115   1   0   0       1.00474232  s
  115   2   1  -1       0.26102203  p_y
  115   2   1   0       0.08751522  p_z
  115   2   1   1       0.26131346  p_x
  115   3   2  -2       1.65177109  d_xy
  115   3   2  -1       1.95842607  d_yz
  115   3   2   0       1.96227341  d_z2
  115   3   2   1       1.95861727  d_xz
  115   3   2   2       1.92483916  d_x2-y2
  116   1   0   0       1.00143677  s
  116   2   1  -1       0.25946825  p_y
  116   2   1   0       0.08663618  p_z
  116   2   1   1       0.26030133  p_x
  116   3   2  -2       1.64876989  d_xy
  116   3   2  -1       1.95793984  d_yz
  116   3   2   0       1.96220658  d_z2
  116   3   2   1       1.95813889  d_xz
  116   3   2   2       1.92307563  d_x2-y2
  117   1   0   0       0.97653490  s
  117   2   1  -1       0.24786996  p_y
  117   2   1   0       0.08097346  p_z
  117   2   1   1       0.24730453  p_x
  117   3   2  -2       1.61910887  d_xy
  117   3   2  -1       1.95449393  d_yz
  117   3   2   0       1.96172413  d_z2
  117   3   2   1       1.95427769  d_xz
  117   3   2   2       1.90735434  d_x2-y2
  118   1   0   0       0.97583259  s
  118   2   1  -1       0.24550076  p_y
  118   2   1   0       0.08065635  p_z
  118   2   1   1       0.24555369  p_x
  118   3   2  -2       1.61596885  d_xy
  118   3   2  -1       1.95410897  d_yz
  118   3   2   0       1.96170431  d_z2
  118   3   2   1       1.95387962  d_xz
  118   3   2   2       1.90671565  d_x2-y2
  119   1   0   0       1.00305209  s
  119   2   1  -1       0.26259766  p_y
  119   2   1   0       0.08681100  p_z
  119   2   1   1       0.26274645  p_x
  119   3   2  -2       1.65629371  d_xy
  119   3   2  -1       1.95805750  d_yz
  119   3   2   0       1.96222964  d_z2
  119   3   2   1       1.95807682  d_xz
  119   3   2   2       1.92534588  d_x2-y2
  120   1   0   0       1.01967746  s
  120   2   1  -1       0.27348810  p_y
  120   2   1   0       0.09053049  p_z
  120   2   1   1       0.27355035  p_x
  120   3   2  -2       1.67419944  d_xy
  120   3   2  -1       1.96022786  d_yz
  120   3   2   0       1.96257241  d_z2
  120   3   2   1       1.96033480  d_xz
  120   3   2   2       1.93280080  d_x2-y2
  121   1   0   0       0.99230876  s
  121   2   1  -1       0.25449518  p_y
  121   2   1   0       0.08433820  p_z
  121   2   1   1       0.25413029  p_x
  121   3   2  -2       1.63499472  d_xy
  121   3   2  -1       1.95671513  d_yz
  121   3   2   0       1.96203270  d_z2
  121   3   2   1       1.95667736  d_xz
  121   3   2   2       1.91758492  d_x2-y2
  122   1   0   0       1.00586956  s
  122   2   1  -1       0.26516461  p_y
  122   2   1   0       0.08699427  p_z
  122   2   1   1       0.26500493  p_x
  122   3   2  -2       1.66067676  d_xy
  122   3   2  -1       1.95823013  d_yz
  122   3   2   0       1.96228378  d_z2
  122   3   2   1       1.95819793  d_xz
  122   3   2   2       1.92664049  d_x2-y2
  123   1   0   0       1.01324846  s
  123   2   1  -1       0.26689263  p_y
  123   2   1   0       0.08890297  p_z
  123   2   1   1       0.26755804  p_x
  123   3   2  -2       1.66559124  d_xy
  123   3   2  -1       1.95919895  d_yz
  123   3   2   0       1.96243497  d_z2
  123   3   2   1       1.95945861  d_xz
  123   3   2   2       1.92962541  d_x2-y2
  124   1   0   0       1.00809550  s
  124   2   1  -1       0.26457655  p_y
  124   2   1   0       0.08758000  p_z
  124   2   1   1       0.26481109  p_x
  124   3   2  -2       1.65992167  d_xy
  124   3   2  -1       1.95847674  d_yz
  124   3   2   0       1.96232736  d_z2
  124   3   2   1       1.95841819  d_xz
  124   3   2   2       1.92767843  d_x2-y2
  125   1   0   0       0.98192450  s
  125   2   1  -1       0.24968562  p_y
  125   2   1   0       0.08203846  p_z
  125   2   1   1       0.24900273  p_x
  125   3   2  -2       1.62290016  d_xy
  125   3   2  -1       1.95523260  d_yz
  125   3   2   0       1.96183124  d_z2
  125   3   2   1       1.95495065  d_xz
  125   3   2   2       1.91136304  d_x2-y2
  126   1   0   0       0.99763450  s
  126   2   1  -1       0.25794170  p_y
  126   2   1   0       0.08555103  p_z
  126   2   1   1       0.25765413  p_x
  126   3   2  -2       1.63945179  d_xy
  126   3   2  -1       1.95753562  d_yz
  126   3   2   0       1.96214023  d_z2
  126   3   2   1       1.95739165  d_xz
  126   3   2   2       1.92083631  d_x2-y2
  127   1   0   0       1.01952389  s
  127   2   1  -1       0.27042333  p_y
  127   2   1   0       0.09084373  p_z
  127   2   1   1       0.27049407  p_x
  127   3   2  -2       1.66779876  d_xy
  127   3   2  -1       1.96030039  d_yz
  127   3   2   0       1.96257576  d_z2
  127   3   2   1       1.96036676  d_xz
  127   3   2   2       1.93196967  d_x2-y2
  128   1   0   0       0.99335536  s
  128   2   1  -1       0.25439693  p_y
  128   2   1   0       0.08487681  p_z
  128   2   1   1       0.25447618  p_x
  128   3   2  -2       1.63544044  d_xy
  128   3   2  -1       1.95677074  d_yz
  128   3   2   0       1.96204643  d_z2
  128   3   2   1       1.95704180  d_xz
  128   3   2   2       1.91847265  d_x2-y2
 
Fermi level:                        -0.1382010088 H           -3.7606 eV
Band energy:                      -268.4428510086 H        -7304.7016 eV
TS:                                  0.0060881817 H            0.1657 eV
Band free energy (E-TS):          -268.4489391904 H        -7304.8673 eV
Extrapolated E(0K):               -268.4458950995 H        -7304.7845 eV
Input / Output electrons (q):   1412.0000000000   1412.0000000000
 
Energy H0:                        -278.1133954392 H        -7567.8505 eV
Energy SCC:                         -1.1957343138 H          -32.5376 eV
Total Electronic energy:          -279.3091297529 H        -7600.3881 eV
Repulsive energy:                    0.0001442915 H            0.0039 eV
Total energy:                     -279.3089854614 H        -7600.3842 eV
Extrapolated to 0:                -279.3120295523 H        -7600.4670 eV
Total Mermin free energy:         -279.3150736431 H        -7600.5499 eV
Force related energy:             -279.3150736431 H        -7600.5499 eV
 
SCC converged
 
 
